<?xml version="1.0" encoding="UTF-8"?>
<!-- Generated by org.testng.reporters.JUnitReportReporter -->
<testsuite hostname="INLEN8520027593" failures="0" tests="4" name="com.testcase.TestArithmeticOperation" time="0.010" errors="0" timestamp="2022-09-24T00:03:35 IST" skipped="0">
  <testcase classname="com.testcase.TestArithmeticOperation" name="testAdd" time="0.007"/>
  <system-out/>
  <testcase classname="com.testcase.TestArithmeticOperation" name="testSub" time="0.001"/>
  <system-out/>
  <testcase classname="com.testcase.TestArithmeticOperation" name="testMul" time="0.001"/>
  <system-out/>
  <testcase classname="com.testcase.TestArithmeticOperation" name="testDiv" time="0.001"/>
  <system-out/>
</testsuite> <!-- com.testcase.TestArithmeticOperation -->
