<?xml version="1.0" encoding="UTF-8"?>
<!-- Generated by org.testng.reporters.JUnitReportReporter -->
<testsuite hostname="INLEN8520027593" failures="0" tests="4" name="com.testcase.DemoOtherAttributes" time="0.010" errors="0" timestamp="2022-09-21T15:03:13 IST" skipped="0">
  <testcase classname="com.testcase.DemoOtherAttributes" name="testJava" time="0.007"/>
  <system-out/>
  <testcase classname="com.testcase.DemoOtherAttributes" name="testPython" time="0.001"/>
  <system-out/>
  <testcase classname="com.testcase.DemoOtherAttributes" name="testCsharp" time="0.001"/>
  <system-out/>
  <testcase classname="com.testcase.DemoOtherAttributes" name="testRuby" time="0.001"/>
  <system-out/>
</testsuite> <!-- com.testcase.DemoOtherAttributes -->
