<?xml version="1.0" encoding="UTF-8"?>
<!-- Generated by org.testng.reporters.JUnitReportReporter -->
<testsuite hostname="INLEN8520027593" failures="0" tests="5" name="com.testcase.Demo" time="0.028" errors="0" timestamp="2022-09-21T15:30:13 IST" skipped="1">
  <testcase classname="com.testcase.Demo" name="ctest" time="0.017"/>
  <system-out/>
  <testcase classname="com.testcase.Demo" name="btest" time="0.006"/>
  <system-out/>
  <testcase classname="com.testcase.Demo" name="btest" time="0.002"/>
  <system-out/>
  <testcase classname="com.testcase.Demo" name="btest" time="0.003"/>
  <system-out/>
  <testcase classname="com.testcase.Demo" name="atest">
    <skipped/>
  </testcase> <!-- atest -->
  <system-out/>
</testsuite> <!-- com.testcase.Demo -->
